[05-Aug-2015 23:43:14 UTC] PHP Warning:  require_once(/braintree-php-3.2.0/lib/Braintree.php): failed to open stream: No such file or directory in /home/ubuntu/workspace/btTest/paypal.php on line 3
[05-Aug-2015 23:43:14 UTC] PHP Stack trace:
[05-Aug-2015 23:43:14 UTC] PHP   1. {main}() /home/ubuntu/workspace/btTest/paypal.php:0
[05-Aug-2015 23:43:14 UTC] PHP Fatal error:  require_once(): Failed opening required '/braintree-php-3.2.0/lib/Braintree.php' (include_path='.:/usr/share/php:/usr/share/pear') in /home/ubuntu/workspace/btTest/paypal.php on line 3
[05-Aug-2015 23:43:14 UTC] PHP Stack trace:
[05-Aug-2015 23:43:14 UTC] PHP   1. {main}() /home/ubuntu/workspace/btTest/paypal.php:0
[05-Aug-2015 23:44:26 UTC] PHP Warning:  require_once(/braintree-php-3.2.0/lib/Braintree.php): failed to open stream: No such file or directory in /home/ubuntu/workspace/btTest/paypal.php on line 3
[05-Aug-2015 23:44:26 UTC] PHP Stack trace:
[05-Aug-2015 23:44:26 UTC] PHP   1. {main}() /home/ubuntu/workspace/btTest/paypal.php:0
[05-Aug-2015 23:44:26 UTC] PHP Fatal error:  require_once(): Failed opening required '/braintree-php-3.2.0/lib/Braintree.php' (include_path='.:/usr/share/php:/usr/share/pear') in /home/ubuntu/workspace/btTest/paypal.php on line 3
[05-Aug-2015 23:44:26 UTC] PHP Stack trace:
[05-Aug-2015 23:44:26 UTC] PHP   1. {main}() /home/ubuntu/workspace/btTest/paypal.php:0
[05-Aug-2015 23:45:58 UTC] PHP Warning:  require_once(/braintree-php-3.2.0/lib/Braintree.php): failed to open stream: No such file or directory in /home/ubuntu/workspace/btTest/paypal.php on line 4
[05-Aug-2015 23:45:58 UTC] PHP Stack trace:
[05-Aug-2015 23:45:58 UTC] PHP   1. {main}() /home/ubuntu/workspace/btTest/paypal.php:0
[05-Aug-2015 23:45:58 UTC] PHP Fatal error:  require_once(): Failed opening required '/braintree-php-3.2.0/lib/Braintree.php' (include_path='.:/usr/share/php:/usr/share/pear') in /home/ubuntu/workspace/btTest/paypal.php on line 4
[05-Aug-2015 23:45:58 UTC] PHP Stack trace:
[05-Aug-2015 23:45:58 UTC] PHP   1. {main}() /home/ubuntu/workspace/btTest/paypal.php:0
[05-Aug-2015 23:48:35 UTC] PHP Warning:  require_once(/braintree-php-3.2.0/lib/Braintree.php): failed to open stream: No such file or directory in /home/ubuntu/workspace/btTest/paypal.php on line 2
[05-Aug-2015 23:48:35 UTC] PHP Stack trace:
[05-Aug-2015 23:48:35 UTC] PHP   1. {main}() /home/ubuntu/workspace/btTest/paypal.php:0
[05-Aug-2015 23:48:35 UTC] PHP Fatal error:  require_once(): Failed opening required '/braintree-php-3.2.0/lib/Braintree.php' (include_path='.:/usr/share/php:/usr/share/pear') in /home/ubuntu/workspace/btTest/paypal.php on line 2
[05-Aug-2015 23:48:35 UTC] PHP Stack trace:
[05-Aug-2015 23:48:35 UTC] PHP   1. {main}() /home/ubuntu/workspace/btTest/paypal.php:0
[05-Aug-2015 23:48:36 UTC] PHP Warning:  require_once(/braintree-php-3.2.0/lib/Braintree.php): failed to open stream: No such file or directory in /home/ubuntu/workspace/btTest/paypal.php on line 2
[05-Aug-2015 23:48:36 UTC] PHP Stack trace:
[05-Aug-2015 23:48:36 UTC] PHP   1. {main}() /home/ubuntu/workspace/btTest/paypal.php:0
[05-Aug-2015 23:48:36 UTC] PHP Fatal error:  require_once(): Failed opening required '/braintree-php-3.2.0/lib/Braintree.php' (include_path='.:/usr/share/php:/usr/share/pear') in /home/ubuntu/workspace/btTest/paypal.php on line 2
[05-Aug-2015 23:48:36 UTC] PHP Stack trace:
[05-Aug-2015 23:48:36 UTC] PHP   1. {main}() /home/ubuntu/workspace/btTest/paypal.php:0
[05-Aug-2015 23:48:37 UTC] PHP Warning:  require_once(/braintree-php-3.2.0/lib/Braintree.php): failed to open stream: No such file or directory in /home/ubuntu/workspace/btTest/paypal.php on line 2
[05-Aug-2015 23:48:37 UTC] PHP Stack trace:
[05-Aug-2015 23:48:37 UTC] PHP   1. {main}() /home/ubuntu/workspace/btTest/paypal.php:0
[05-Aug-2015 23:48:37 UTC] PHP Fatal error:  require_once(): Failed opening required '/braintree-php-3.2.0/lib/Braintree.php' (include_path='.:/usr/share/php:/usr/share/pear') in /home/ubuntu/workspace/btTest/paypal.php on line 2
[05-Aug-2015 23:48:37 UTC] PHP Stack trace:
[05-Aug-2015 23:48:37 UTC] PHP   1. {main}() /home/ubuntu/workspace/btTest/paypal.php:0
[05-Aug-2015 23:48:37 UTC] PHP Warning:  require_once(/braintree-php-3.2.0/lib/Braintree.php): failed to open stream: No such file or directory in /home/ubuntu/workspace/btTest/paypal.php on line 2
[05-Aug-2015 23:48:37 UTC] PHP Stack trace:
[05-Aug-2015 23:48:37 UTC] PHP   1. {main}() /home/ubuntu/workspace/btTest/paypal.php:0
[05-Aug-2015 23:48:37 UTC] PHP Fatal error:  require_once(): Failed opening required '/braintree-php-3.2.0/lib/Braintree.php' (include_path='.:/usr/share/php:/usr/share/pear') in /home/ubuntu/workspace/btTest/paypal.php on line 2
[05-Aug-2015 23:48:37 UTC] PHP Stack trace:
[05-Aug-2015 23:48:37 UTC] PHP   1. {main}() /home/ubuntu/workspace/btTest/paypal.php:0
[05-Aug-2015 23:48:37 UTC] PHP Warning:  require_once(/braintree-php-3.2.0/lib/Braintree.php): failed to open stream: No such file or directory in /home/ubuntu/workspace/btTest/paypal.php on line 2
[05-Aug-2015 23:48:37 UTC] PHP Stack trace:
[05-Aug-2015 23:48:37 UTC] PHP   1. {main}() /home/ubuntu/workspace/btTest/paypal.php:0
[05-Aug-2015 23:48:37 UTC] PHP Fatal error:  require_once(): Failed opening required '/braintree-php-3.2.0/lib/Braintree.php' (include_path='.:/usr/share/php:/usr/share/pear') in /home/ubuntu/workspace/btTest/paypal.php on line 2
[05-Aug-2015 23:48:37 UTC] PHP Stack trace:
[05-Aug-2015 23:48:37 UTC] PHP   1. {main}() /home/ubuntu/workspace/btTest/paypal.php:0
[05-Aug-2015 23:48:38 UTC] PHP Warning:  require_once(/braintree-php-3.2.0/lib/Braintree.php): failed to open stream: No such file or directory in /home/ubuntu/workspace/btTest/paypal.php on line 2
[05-Aug-2015 23:48:38 UTC] PHP Stack trace:
[05-Aug-2015 23:48:38 UTC] PHP   1. {main}() /home/ubuntu/workspace/btTest/paypal.php:0
[05-Aug-2015 23:48:38 UTC] PHP Fatal error:  require_once(): Failed opening required '/braintree-php-3.2.0/lib/Braintree.php' (include_path='.:/usr/share/php:/usr/share/pear') in /home/ubuntu/workspace/btTest/paypal.php on line 2
[05-Aug-2015 23:48:38 UTC] PHP Stack trace:
[05-Aug-2015 23:48:38 UTC] PHP   1. {main}() /home/ubuntu/workspace/btTest/paypal.php:0
[05-Aug-2015 23:48:38 UTC] PHP Warning:  require_once(/braintree-php-3.2.0/lib/Braintree.php): failed to open stream: No such file or directory in /home/ubuntu/workspace/btTest/paypal.php on line 2
[05-Aug-2015 23:48:38 UTC] PHP Stack trace:
[05-Aug-2015 23:48:38 UTC] PHP   1. {main}() /home/ubuntu/workspace/btTest/paypal.php:0
[05-Aug-2015 23:48:38 UTC] PHP Fatal error:  require_once(): Failed opening required '/braintree-php-3.2.0/lib/Braintree.php' (include_path='.:/usr/share/php:/usr/share/pear') in /home/ubuntu/workspace/btTest/paypal.php on line 2
[05-Aug-2015 23:48:38 UTC] PHP Stack trace:
[05-Aug-2015 23:48:38 UTC] PHP   1. {main}() /home/ubuntu/workspace/btTest/paypal.php:0
[05-Aug-2015 23:48:38 UTC] PHP Warning:  require_once(/braintree-php-3.2.0/lib/Braintree.php): failed to open stream: No such file or directory in /home/ubuntu/workspace/btTest/paypal.php on line 2
[05-Aug-2015 23:48:38 UTC] PHP Stack trace:
[05-Aug-2015 23:48:38 UTC] PHP   1. {main}() /home/ubuntu/workspace/btTest/paypal.php:0
[05-Aug-2015 23:48:38 UTC] PHP Fatal error:  require_once(): Failed opening required '/braintree-php-3.2.0/lib/Braintree.php' (include_path='.:/usr/share/php:/usr/share/pear') in /home/ubuntu/workspace/btTest/paypal.php on line 2
[05-Aug-2015 23:48:38 UTC] PHP Stack trace:
[05-Aug-2015 23:48:38 UTC] PHP   1. {main}() /home/ubuntu/workspace/btTest/paypal.php:0
[05-Aug-2015 23:48:38 UTC] PHP Warning:  require_once(/braintree-php-3.2.0/lib/Braintree.php): failed to open stream: No such file or directory in /home/ubuntu/workspace/btTest/paypal.php on line 2
[05-Aug-2015 23:48:38 UTC] PHP Stack trace:
[05-Aug-2015 23:48:38 UTC] PHP   1. {main}() /home/ubuntu/workspace/btTest/paypal.php:0
[05-Aug-2015 23:48:38 UTC] PHP Fatal error:  require_once(): Failed opening required '/braintree-php-3.2.0/lib/Braintree.php' (include_path='.:/usr/share/php:/usr/share/pear') in /home/ubuntu/workspace/btTest/paypal.php on line 2
[05-Aug-2015 23:48:38 UTC] PHP Stack trace:
[05-Aug-2015 23:48:38 UTC] PHP   1. {main}() /home/ubuntu/workspace/btTest/paypal.php:0
[05-Aug-2015 23:48:39 UTC] PHP Warning:  require_once(/braintree-php-3.2.0/lib/Braintree.php): failed to open stream: No such file or directory in /home/ubuntu/workspace/btTest/paypal.php on line 2
[05-Aug-2015 23:48:39 UTC] PHP Stack trace:
[05-Aug-2015 23:48:39 UTC] PHP   1. {main}() /home/ubuntu/workspace/btTest/paypal.php:0
[05-Aug-2015 23:48:39 UTC] PHP Fatal error:  require_once(): Failed opening required '/braintree-php-3.2.0/lib/Braintree.php' (include_path='.:/usr/share/php:/usr/share/pear') in /home/ubuntu/workspace/btTest/paypal.php on line 2
[05-Aug-2015 23:48:39 UTC] PHP Stack trace:
[05-Aug-2015 23:48:39 UTC] PHP   1. {main}() /home/ubuntu/workspace/btTest/paypal.php:0
[05-Aug-2015 23:48:56 UTC] PHP Warning:  require_once(/braintree-php-3.2.0/lib/Braintree.php): failed to open stream: No such file or directory in /home/ubuntu/workspace/btTest/paypal.php on line 2
[05-Aug-2015 23:48:56 UTC] PHP Stack trace:
[05-Aug-2015 23:48:56 UTC] PHP   1. {main}() /home/ubuntu/workspace/btTest/paypal.php:0
[05-Aug-2015 23:48:56 UTC] PHP Fatal error:  require_once(): Failed opening required '/braintree-php-3.2.0/lib/Braintree.php' (include_path='.:/usr/share/php:/usr/share/pear') in /home/ubuntu/workspace/btTest/paypal.php on line 2
[05-Aug-2015 23:48:56 UTC] PHP Stack trace:
[05-Aug-2015 23:48:56 UTC] PHP   1. {main}() /home/ubuntu/workspace/btTest/paypal.php:0
[05-Aug-2015 23:48:57 UTC] PHP Warning:  require_once(/braintree-php-3.2.0/lib/Braintree.php): failed to open stream: No such file or directory in /home/ubuntu/workspace/btTest/paypal.php on line 2
[05-Aug-2015 23:48:57 UTC] PHP Stack trace:
[05-Aug-2015 23:48:57 UTC] PHP   1. {main}() /home/ubuntu/workspace/btTest/paypal.php:0
[05-Aug-2015 23:48:57 UTC] PHP Fatal error:  require_once(): Failed opening required '/braintree-php-3.2.0/lib/Braintree.php' (include_path='.:/usr/share/php:/usr/share/pear') in /home/ubuntu/workspace/btTest/paypal.php on line 2
[05-Aug-2015 23:48:57 UTC] PHP Stack trace:
[05-Aug-2015 23:48:57 UTC] PHP   1. {main}() /home/ubuntu/workspace/btTest/paypal.php:0
[05-Aug-2015 23:48:58 UTC] PHP Warning:  require_once(/braintree-php-3.2.0/lib/Braintree.php): failed to open stream: No such file or directory in /home/ubuntu/workspace/btTest/paypal.php on line 2
[05-Aug-2015 23:48:58 UTC] PHP Stack trace:
[05-Aug-2015 23:48:58 UTC] PHP   1. {main}() /home/ubuntu/workspace/btTest/paypal.php:0
[05-Aug-2015 23:48:58 UTC] PHP Fatal error:  require_once(): Failed opening required '/braintree-php-3.2.0/lib/Braintree.php' (include_path='.:/usr/share/php:/usr/share/pear') in /home/ubuntu/workspace/btTest/paypal.php on line 2
[05-Aug-2015 23:48:58 UTC] PHP Stack trace:
[05-Aug-2015 23:48:58 UTC] PHP   1. {main}() /home/ubuntu/workspace/btTest/paypal.php:0
[05-Aug-2015 23:48:58 UTC] PHP Warning:  require_once(/braintree-php-3.2.0/lib/Braintree.php): failed to open stream: No such file or directory in /home/ubuntu/workspace/btTest/paypal.php on line 2
[05-Aug-2015 23:48:58 UTC] PHP Stack trace:
[05-Aug-2015 23:48:58 UTC] PHP   1. {main}() /home/ubuntu/workspace/btTest/paypal.php:0
[05-Aug-2015 23:48:58 UTC] PHP Fatal error:  require_once(): Failed opening required '/braintree-php-3.2.0/lib/Braintree.php' (include_path='.:/usr/share/php:/usr/share/pear') in /home/ubuntu/workspace/btTest/paypal.php on line 2
[05-Aug-2015 23:48:58 UTC] PHP Stack trace:
[05-Aug-2015 23:48:58 UTC] PHP   1. {main}() /home/ubuntu/workspace/btTest/paypal.php:0
[05-Aug-2015 23:48:58 UTC] PHP Warning:  require_once(/braintree-php-3.2.0/lib/Braintree.php): failed to open stream: No such file or directory in /home/ubuntu/workspace/btTest/paypal.php on line 2
[05-Aug-2015 23:48:58 UTC] PHP Stack trace:
[05-Aug-2015 23:48:58 UTC] PHP   1. {main}() /home/ubuntu/workspace/btTest/paypal.php:0
[05-Aug-2015 23:48:58 UTC] PHP Fatal error:  require_once(): Failed opening required '/braintree-php-3.2.0/lib/Braintree.php' (include_path='.:/usr/share/php:/usr/share/pear') in /home/ubuntu/workspace/btTest/paypal.php on line 2
[05-Aug-2015 23:48:58 UTC] PHP Stack trace:
[05-Aug-2015 23:48:58 UTC] PHP   1. {main}() /home/ubuntu/workspace/btTest/paypal.php:0
[05-Aug-2015 23:48:58 UTC] PHP Warning:  require_once(/braintree-php-3.2.0/lib/Braintree.php): failed to open stream: No such file or directory in /home/ubuntu/workspace/btTest/paypal.php on line 2
[05-Aug-2015 23:48:58 UTC] PHP Stack trace:
[05-Aug-2015 23:48:58 UTC] PHP   1. {main}() /home/ubuntu/workspace/btTest/paypal.php:0
[05-Aug-2015 23:48:58 UTC] PHP Fatal error:  require_once(): Failed opening required '/braintree-php-3.2.0/lib/Braintree.php' (include_path='.:/usr/share/php:/usr/share/pear') in /home/ubuntu/workspace/btTest/paypal.php on line 2
[05-Aug-2015 23:48:58 UTC] PHP Stack trace:
[05-Aug-2015 23:48:58 UTC] PHP   1. {main}() /home/ubuntu/workspace/btTest/paypal.php:0
[05-Aug-2015 23:48:59 UTC] PHP Warning:  require_once(/braintree-php-3.2.0/lib/Braintree.php): failed to open stream: No such file or directory in /home/ubuntu/workspace/btTest/paypal.php on line 2
[05-Aug-2015 23:48:59 UTC] PHP Stack trace:
[05-Aug-2015 23:48:59 UTC] PHP   1. {main}() /home/ubuntu/workspace/btTest/paypal.php:0
[05-Aug-2015 23:48:59 UTC] PHP Fatal error:  require_once(): Failed opening required '/braintree-php-3.2.0/lib/Braintree.php' (include_path='.:/usr/share/php:/usr/share/pear') in /home/ubuntu/workspace/btTest/paypal.php on line 2
[05-Aug-2015 23:48:59 UTC] PHP Stack trace:
[05-Aug-2015 23:48:59 UTC] PHP   1. {main}() /home/ubuntu/workspace/btTest/paypal.php:0
[05-Aug-2015 23:48:59 UTC] PHP Warning:  require_once(/braintree-php-3.2.0/lib/Braintree.php): failed to open stream: No such file or directory in /home/ubuntu/workspace/btTest/paypal.php on line 2
[05-Aug-2015 23:48:59 UTC] PHP Stack trace:
[05-Aug-2015 23:48:59 UTC] PHP   1. {main}() /home/ubuntu/workspace/btTest/paypal.php:0
[05-Aug-2015 23:48:59 UTC] PHP Fatal error:  require_once(): Failed opening required '/braintree-php-3.2.0/lib/Braintree.php' (include_path='.:/usr/share/php:/usr/share/pear') in /home/ubuntu/workspace/btTest/paypal.php on line 2
[05-Aug-2015 23:48:59 UTC] PHP Stack trace:
[05-Aug-2015 23:48:59 UTC] PHP   1. {main}() /home/ubuntu/workspace/btTest/paypal.php:0
[05-Aug-2015 23:52:24 UTC] PHP Warning:  require_once(/home/ubuntu/workspace/mybt/braintree-php-3.2.0/lib/Braintree.php): failed to open stream: No such file or directory in /home/ubuntu/workspace/btTest/paypal.php on line 2
[05-Aug-2015 23:52:24 UTC] PHP Stack trace:
[05-Aug-2015 23:52:24 UTC] PHP   1. {main}() /home/ubuntu/workspace/btTest/paypal.php:0
[05-Aug-2015 23:52:24 UTC] PHP Fatal error:  require_once(): Failed opening required '/home/ubuntu/workspace/mybt/braintree-php-3.2.0/lib/Braintree.php' (include_path='.:/usr/share/php:/usr/share/pear') in /home/ubuntu/workspace/btTest/paypal.php on line 2
[05-Aug-2015 23:52:24 UTC] PHP Stack trace:
[05-Aug-2015 23:52:24 UTC] PHP   1. {main}() /home/ubuntu/workspace/btTest/paypal.php:0
[05-Aug-2015 23:52:26 UTC] PHP Warning:  require_once(/home/ubuntu/workspace/mybt/braintree-php-3.2.0/lib/Braintree.php): failed to open stream: No such file or directory in /home/ubuntu/workspace/btTest/paypal.php on line 2
[05-Aug-2015 23:52:26 UTC] PHP Stack trace:
[05-Aug-2015 23:52:26 UTC] PHP   1. {main}() /home/ubuntu/workspace/btTest/paypal.php:0
[05-Aug-2015 23:52:26 UTC] PHP Fatal error:  require_once(): Failed opening required '/home/ubuntu/workspace/mybt/braintree-php-3.2.0/lib/Braintree.php' (include_path='.:/usr/share/php:/usr/share/pear') in /home/ubuntu/workspace/btTest/paypal.php on line 2
[05-Aug-2015 23:52:26 UTC] PHP Stack trace:
[05-Aug-2015 23:52:26 UTC] PHP   1. {main}() /home/ubuntu/workspace/btTest/paypal.php:0
[05-Aug-2015 23:53:02 UTC] PHP Warning:  require_once(/home/ubuntu/workspace/btTest/braintree-php-3.2.0/lib/Braintree.php): failed to open stream: No such file or directory in /home/ubuntu/workspace/btTest/paypal.php on line 2
[05-Aug-2015 23:53:02 UTC] PHP Stack trace:
[05-Aug-2015 23:53:02 UTC] PHP   1. {main}() /home/ubuntu/workspace/btTest/paypal.php:0
[05-Aug-2015 23:53:02 UTC] PHP Fatal error:  require_once(): Failed opening required '/home/ubuntu/workspace/btTest/braintree-php-3.2.0/lib/Braintree.php' (include_path='.:/usr/share/php:/usr/share/pear') in /home/ubuntu/workspace/btTest/paypal.php on line 2
[05-Aug-2015 23:53:02 UTC] PHP Stack trace:
[05-Aug-2015 23:53:02 UTC] PHP   1. {main}() /home/ubuntu/workspace/btTest/paypal.php:0
[05-Aug-2015 23:53:03 UTC] PHP Warning:  require_once(/home/ubuntu/workspace/btTest/braintree-php-3.2.0/lib/Braintree.php): failed to open stream: No such file or directory in /home/ubuntu/workspace/btTest/paypal.php on line 2
[05-Aug-2015 23:53:03 UTC] PHP Stack trace:
[05-Aug-2015 23:53:03 UTC] PHP   1. {main}() /home/ubuntu/workspace/btTest/paypal.php:0
[05-Aug-2015 23:53:03 UTC] PHP Fatal error:  require_once(): Failed opening required '/home/ubuntu/workspace/btTest/braintree-php-3.2.0/lib/Braintree.php' (include_path='.:/usr/share/php:/usr/share/pear') in /home/ubuntu/workspace/btTest/paypal.php on line 2
[05-Aug-2015 23:53:03 UTC] PHP Stack trace:
[05-Aug-2015 23:53:03 UTC] PHP   1. {main}() /home/ubuntu/workspace/btTest/paypal.php:0
[05-Aug-2015 23:53:03 UTC] PHP Warning:  require_once(/home/ubuntu/workspace/btTest/braintree-php-3.2.0/lib/Braintree.php): failed to open stream: No such file or directory in /home/ubuntu/workspace/btTest/paypal.php on line 2
[05-Aug-2015 23:53:03 UTC] PHP Stack trace:
[05-Aug-2015 23:53:03 UTC] PHP   1. {main}() /home/ubuntu/workspace/btTest/paypal.php:0
[05-Aug-2015 23:53:03 UTC] PHP Fatal error:  require_once(): Failed opening required '/home/ubuntu/workspace/btTest/braintree-php-3.2.0/lib/Braintree.php' (include_path='.:/usr/share/php:/usr/share/pear') in /home/ubuntu/workspace/btTest/paypal.php on line 2
[05-Aug-2015 23:53:03 UTC] PHP Stack trace:
[05-Aug-2015 23:53:03 UTC] PHP   1. {main}() /home/ubuntu/workspace/btTest/paypal.php:0
[05-Aug-2015 23:53:04 UTC] PHP Warning:  require_once(/home/ubuntu/workspace/btTest/braintree-php-3.2.0/lib/Braintree.php): failed to open stream: No such file or directory in /home/ubuntu/workspace/btTest/paypal.php on line 2
[05-Aug-2015 23:53:04 UTC] PHP Stack trace:
[05-Aug-2015 23:53:04 UTC] PHP   1. {main}() /home/ubuntu/workspace/btTest/paypal.php:0
[05-Aug-2015 23:53:04 UTC] PHP Fatal error:  require_once(): Failed opening required '/home/ubuntu/workspace/btTest/braintree-php-3.2.0/lib/Braintree.php' (include_path='.:/usr/share/php:/usr/share/pear') in /home/ubuntu/workspace/btTest/paypal.php on line 2
[05-Aug-2015 23:53:04 UTC] PHP Stack trace:
[05-Aug-2015 23:53:04 UTC] PHP   1. {main}() /home/ubuntu/workspace/btTest/paypal.php:0
[05-Aug-2015 23:55:23 UTC] PHP Warning:  require_once(/home/ubuntu/workspace): failed to open stream: Not a directory in /home/ubuntu/workspace/btTest/paypal.php on line 2
[05-Aug-2015 23:55:23 UTC] PHP Stack trace:
[05-Aug-2015 23:55:23 UTC] PHP   1. {main}() /home/ubuntu/workspace/btTest/paypal.php:0
[05-Aug-2015 23:55:23 UTC] PHP Fatal error:  require_once(): Failed opening required '/home/ubuntu/workspace/' (include_path='.:/usr/share/php:/usr/share/pear') in /home/ubuntu/workspace/btTest/paypal.php on line 2
[05-Aug-2015 23:55:23 UTC] PHP Stack trace:
[05-Aug-2015 23:55:23 UTC] PHP   1. {main}() /home/ubuntu/workspace/btTest/paypal.php:0
[05-Aug-2015 23:55:25 UTC] PHP Warning:  require_once(/home/ubuntu/workspace): failed to open stream: Not a directory in /home/ubuntu/workspace/btTest/paypal.php on line 2
[05-Aug-2015 23:55:25 UTC] PHP Stack trace:
[05-Aug-2015 23:55:25 UTC] PHP   1. {main}() /home/ubuntu/workspace/btTest/paypal.php:0
[05-Aug-2015 23:55:25 UTC] PHP Fatal error:  require_once(): Failed opening required '/home/ubuntu/workspace/' (include_path='.:/usr/share/php:/usr/share/pear') in /home/ubuntu/workspace/btTest/paypal.php on line 2
[05-Aug-2015 23:55:25 UTC] PHP Stack trace:
[05-Aug-2015 23:55:25 UTC] PHP   1. {main}() /home/ubuntu/workspace/btTest/paypal.php:0
[05-Aug-2015 23:55:26 UTC] PHP Warning:  require_once(/home/ubuntu/workspace): failed to open stream: Not a directory in /home/ubuntu/workspace/btTest/paypal.php on line 2
[05-Aug-2015 23:55:26 UTC] PHP Stack trace:
[05-Aug-2015 23:55:26 UTC] PHP   1. {main}() /home/ubuntu/workspace/btTest/paypal.php:0
[05-Aug-2015 23:55:26 UTC] PHP Fatal error:  require_once(): Failed opening required '/home/ubuntu/workspace/' (include_path='.:/usr/share/php:/usr/share/pear') in /home/ubuntu/workspace/btTest/paypal.php on line 2
[05-Aug-2015 23:55:26 UTC] PHP Stack trace:
[05-Aug-2015 23:55:26 UTC] PHP   1. {main}() /home/ubuntu/workspace/btTest/paypal.php:0
[05-Aug-2015 23:55:50 UTC] PHP Warning:  require_once(home/ubuntu/workspace/): failed to open stream: No such file or directory in /home/ubuntu/workspace/btTest/paypal.php on line 2
[05-Aug-2015 23:55:50 UTC] PHP Stack trace:
[05-Aug-2015 23:55:50 UTC] PHP   1. {main}() /home/ubuntu/workspace/btTest/paypal.php:0
[05-Aug-2015 23:55:50 UTC] PHP Fatal error:  require_once(): Failed opening required 'home/ubuntu/workspace/' (include_path='.:/usr/share/php:/usr/share/pear') in /home/ubuntu/workspace/btTest/paypal.php on line 2
[05-Aug-2015 23:55:50 UTC] PHP Stack trace:
[05-Aug-2015 23:55:50 UTC] PHP   1. {main}() /home/ubuntu/workspace/btTest/paypal.php:0
[05-Aug-2015 23:55:51 UTC] PHP Warning:  require_once(home/ubuntu/workspace/): failed to open stream: No such file or directory in /home/ubuntu/workspace/btTest/paypal.php on line 2
[05-Aug-2015 23:55:51 UTC] PHP Stack trace:
[05-Aug-2015 23:55:51 UTC] PHP   1. {main}() /home/ubuntu/workspace/btTest/paypal.php:0
[05-Aug-2015 23:55:51 UTC] PHP Fatal error:  require_once(): Failed opening required 'home/ubuntu/workspace/' (include_path='.:/usr/share/php:/usr/share/pear') in /home/ubuntu/workspace/btTest/paypal.php on line 2
[05-Aug-2015 23:55:51 UTC] PHP Stack trace:
[05-Aug-2015 23:55:51 UTC] PHP   1. {main}() /home/ubuntu/workspace/btTest/paypal.php:0
[05-Aug-2015 23:55:51 UTC] PHP Warning:  require_once(home/ubuntu/workspace/): failed to open stream: No such file or directory in /home/ubuntu/workspace/btTest/paypal.php on line 2
[05-Aug-2015 23:55:51 UTC] PHP Stack trace:
[05-Aug-2015 23:55:51 UTC] PHP   1. {main}() /home/ubuntu/workspace/btTest/paypal.php:0
[05-Aug-2015 23:55:51 UTC] PHP Fatal error:  require_once(): Failed opening required 'home/ubuntu/workspace/' (include_path='.:/usr/share/php:/usr/share/pear') in /home/ubuntu/workspace/btTest/paypal.php on line 2
[05-Aug-2015 23:55:51 UTC] PHP Stack trace:
[05-Aug-2015 23:55:51 UTC] PHP   1. {main}() /home/ubuntu/workspace/btTest/paypal.php:0
[05-Aug-2015 23:55:52 UTC] PHP Warning:  require_once(home/ubuntu/workspace/): failed to open stream: No such file or directory in /home/ubuntu/workspace/btTest/paypal.php on line 2
[05-Aug-2015 23:55:52 UTC] PHP Stack trace:
[05-Aug-2015 23:55:52 UTC] PHP   1. {main}() /home/ubuntu/workspace/btTest/paypal.php:0
[05-Aug-2015 23:55:52 UTC] PHP Fatal error:  require_once(): Failed opening required 'home/ubuntu/workspace/' (include_path='.:/usr/share/php:/usr/share/pear') in /home/ubuntu/workspace/btTest/paypal.php on line 2
[05-Aug-2015 23:55:52 UTC] PHP Stack trace:
[05-Aug-2015 23:55:52 UTC] PHP   1. {main}() /home/ubuntu/workspace/btTest/paypal.php:0
[05-Aug-2015 23:57:04 UTC] PHP Warning:  require_once(): https:// wrapper is disabled in the server configuration by allow_url_include=0 in /home/ubuntu/workspace/btTest/paypal.php on line 2
[05-Aug-2015 23:57:04 UTC] PHP Stack trace:
[05-Aug-2015 23:57:04 UTC] PHP   1. {main}() /home/ubuntu/workspace/btTest/paypal.php:0
[05-Aug-2015 23:57:04 UTC] PHP Warning:  require_once(https://mybt-magarvin.c9.io/braintree-php-3.2.0/lib/Braintree.php): failed to open stream: no suitable wrapper could be found in /home/ubuntu/workspace/btTest/paypal.php on line 2
[05-Aug-2015 23:57:04 UTC] PHP Stack trace:
[05-Aug-2015 23:57:04 UTC] PHP   1. {main}() /home/ubuntu/workspace/btTest/paypal.php:0
[05-Aug-2015 23:57:04 UTC] PHP Fatal error:  require_once(): Failed opening required 'https://mybt-magarvin.c9.io/braintree-php-3.2.0/lib/Braintree.php' (include_path='.:/usr/share/php:/usr/share/pear') in /home/ubuntu/workspace/btTest/paypal.php on line 2
[05-Aug-2015 23:57:04 UTC] PHP Stack trace:
[05-Aug-2015 23:57:04 UTC] PHP   1. {main}() /home/ubuntu/workspace/btTest/paypal.php:0
[05-Aug-2015 23:58:07 UTC] PHP Warning:  require_once(home/ubuntu/workspace/braintree-php-3.2.0/lib/Braintree.php): failed to open stream: No such file or directory in /home/ubuntu/workspace/btTest/paypal.php on line 2
[05-Aug-2015 23:58:07 UTC] PHP Stack trace:
[05-Aug-2015 23:58:07 UTC] PHP   1. {main}() /home/ubuntu/workspace/btTest/paypal.php:0
[05-Aug-2015 23:58:07 UTC] PHP Fatal error:  require_once(): Failed opening required 'home/ubuntu/workspace/braintree-php-3.2.0/lib/Braintree.php' (include_path='.:/usr/share/php:/usr/share/pear') in /home/ubuntu/workspace/btTest/paypal.php on line 2
[05-Aug-2015 23:58:07 UTC] PHP Stack trace:
[05-Aug-2015 23:58:07 UTC] PHP   1. {main}() /home/ubuntu/workspace/btTest/paypal.php:0
[05-Aug-2015 23:58:08 UTC] PHP Warning:  require_once(home/ubuntu/workspace/braintree-php-3.2.0/lib/Braintree.php): failed to open stream: No such file or directory in /home/ubuntu/workspace/btTest/paypal.php on line 2
[05-Aug-2015 23:58:08 UTC] PHP Stack trace:
[05-Aug-2015 23:58:08 UTC] PHP   1. {main}() /home/ubuntu/workspace/btTest/paypal.php:0
[05-Aug-2015 23:58:08 UTC] PHP Fatal error:  require_once(): Failed opening required 'home/ubuntu/workspace/braintree-php-3.2.0/lib/Braintree.php' (include_path='.:/usr/share/php:/usr/share/pear') in /home/ubuntu/workspace/btTest/paypal.php on line 2
[05-Aug-2015 23:58:08 UTC] PHP Stack trace:
[05-Aug-2015 23:58:08 UTC] PHP   1. {main}() /home/ubuntu/workspace/btTest/paypal.php:0
[05-Aug-2015 23:58:09 UTC] PHP Warning:  require_once(home/ubuntu/workspace/braintree-php-3.2.0/lib/Braintree.php): failed to open stream: No such file or directory in /home/ubuntu/workspace/btTest/paypal.php on line 2
[05-Aug-2015 23:58:09 UTC] PHP Stack trace:
[05-Aug-2015 23:58:09 UTC] PHP   1. {main}() /home/ubuntu/workspace/btTest/paypal.php:0
[05-Aug-2015 23:58:09 UTC] PHP Fatal error:  require_once(): Failed opening required 'home/ubuntu/workspace/braintree-php-3.2.0/lib/Braintree.php' (include_path='.:/usr/share/php:/usr/share/pear') in /home/ubuntu/workspace/btTest/paypal.php on line 2
[05-Aug-2015 23:58:09 UTC] PHP Stack trace:
[05-Aug-2015 23:58:09 UTC] PHP   1. {main}() /home/ubuntu/workspace/btTest/paypal.php:0
[05-Aug-2015 23:58:09 UTC] PHP Warning:  require_once(home/ubuntu/workspace/braintree-php-3.2.0/lib/Braintree.php): failed to open stream: No such file or directory in /home/ubuntu/workspace/btTest/paypal.php on line 2
[05-Aug-2015 23:58:09 UTC] PHP Stack trace:
[05-Aug-2015 23:58:09 UTC] PHP   1. {main}() /home/ubuntu/workspace/btTest/paypal.php:0
[05-Aug-2015 23:58:09 UTC] PHP Fatal error:  require_once(): Failed opening required 'home/ubuntu/workspace/braintree-php-3.2.0/lib/Braintree.php' (include_path='.:/usr/share/php:/usr/share/pear') in /home/ubuntu/workspace/btTest/paypal.php on line 2
[05-Aug-2015 23:58:09 UTC] PHP Stack trace:
[05-Aug-2015 23:58:09 UTC] PHP   1. {main}() /home/ubuntu/workspace/btTest/paypal.php:0
[05-Aug-2015 23:58:36 UTC] PHP Warning:  require_once(home/ubuntu/workspace/mybt/braintree-php-3.2.0/lib/Braintree.php): failed to open stream: No such file or directory in /home/ubuntu/workspace/btTest/paypal.php on line 2
[05-Aug-2015 23:58:36 UTC] PHP Stack trace:
[05-Aug-2015 23:58:36 UTC] PHP   1. {main}() /home/ubuntu/workspace/btTest/paypal.php:0
[05-Aug-2015 23:58:36 UTC] PHP Fatal error:  require_once(): Failed opening required 'home/ubuntu/workspace/mybt/braintree-php-3.2.0/lib/Braintree.php' (include_path='.:/usr/share/php:/usr/share/pear') in /home/ubuntu/workspace/btTest/paypal.php on line 2
[05-Aug-2015 23:58:36 UTC] PHP Stack trace:
[05-Aug-2015 23:58:36 UTC] PHP   1. {main}() /home/ubuntu/workspace/btTest/paypal.php:0
[06-Aug-2015 00:00:09 UTC] PHP Warning:  require_once(/home/ubuntu/workspace/mybt/braintree-php-3.2.0/lib/Braintree.php): failed to open stream: No such file or directory in /home/ubuntu/workspace/btTest/paypal.php on line 2
[06-Aug-2015 00:00:09 UTC] PHP Stack trace:
[06-Aug-2015 00:00:09 UTC] PHP   1. {main}() /home/ubuntu/workspace/btTest/paypal.php:0
[06-Aug-2015 00:00:09 UTC] PHP Fatal error:  require_once(): Failed opening required '/home/ubuntu/workspace/mybt/braintree-php-3.2.0/lib/Braintree.php' (include_path='.:/usr/share/php:/usr/share/pear') in /home/ubuntu/workspace/btTest/paypal.php on line 2
[06-Aug-2015 00:00:09 UTC] PHP Stack trace:
[06-Aug-2015 00:00:09 UTC] PHP   1. {main}() /home/ubuntu/workspace/btTest/paypal.php:0
[06-Aug-2015 00:00:09 UTC] PHP Warning:  require_once(/home/ubuntu/workspace/mybt/braintree-php-3.2.0/lib/Braintree.php): failed to open stream: No such file or directory in /home/ubuntu/workspace/btTest/paypal.php on line 2
[06-Aug-2015 00:00:09 UTC] PHP Stack trace:
[06-Aug-2015 00:00:09 UTC] PHP   1. {main}() /home/ubuntu/workspace/btTest/paypal.php:0
[06-Aug-2015 00:00:09 UTC] PHP Fatal error:  require_once(): Failed opening required '/home/ubuntu/workspace/mybt/braintree-php-3.2.0/lib/Braintree.php' (include_path='.:/usr/share/php:/usr/share/pear') in /home/ubuntu/workspace/btTest/paypal.php on line 2
[06-Aug-2015 00:00:09 UTC] PHP Stack trace:
[06-Aug-2015 00:00:09 UTC] PHP   1. {main}() /home/ubuntu/workspace/btTest/paypal.php:0
[06-Aug-2015 00:00:09 UTC] PHP Warning:  require_once(/home/ubuntu/workspace/mybt/braintree-php-3.2.0/lib/Braintree.php): failed to open stream: No such file or directory in /home/ubuntu/workspace/btTest/paypal.php on line 2
[06-Aug-2015 00:00:09 UTC] PHP Stack trace:
[06-Aug-2015 00:00:09 UTC] PHP   1. {main}() /home/ubuntu/workspace/btTest/paypal.php:0
[06-Aug-2015 00:00:09 UTC] PHP Fatal error:  require_once(): Failed opening required '/home/ubuntu/workspace/mybt/braintree-php-3.2.0/lib/Braintree.php' (include_path='.:/usr/share/php:/usr/share/pear') in /home/ubuntu/workspace/btTest/paypal.php on line 2
[06-Aug-2015 00:00:09 UTC] PHP Stack trace:
[06-Aug-2015 00:00:09 UTC] PHP   1. {main}() /home/ubuntu/workspace/btTest/paypal.php:0
[06-Aug-2015 00:00:10 UTC] PHP Warning:  require_once(/home/ubuntu/workspace/mybt/braintree-php-3.2.0/lib/Braintree.php): failed to open stream: No such file or directory in /home/ubuntu/workspace/btTest/paypal.php on line 2
[06-Aug-2015 00:00:10 UTC] PHP Stack trace:
[06-Aug-2015 00:00:10 UTC] PHP   1. {main}() /home/ubuntu/workspace/btTest/paypal.php:0
[06-Aug-2015 00:00:10 UTC] PHP Fatal error:  require_once(): Failed opening required '/home/ubuntu/workspace/mybt/braintree-php-3.2.0/lib/Braintree.php' (include_path='.:/usr/share/php:/usr/share/pear') in /home/ubuntu/workspace/btTest/paypal.php on line 2
[06-Aug-2015 00:00:10 UTC] PHP Stack trace:
[06-Aug-2015 00:00:10 UTC] PHP   1. {main}() /home/ubuntu/workspace/btTest/paypal.php:0
[06-Aug-2015 00:00:10 UTC] PHP Warning:  require_once(/home/ubuntu/workspace/mybt/braintree-php-3.2.0/lib/Braintree.php): failed to open stream: No such file or directory in /home/ubuntu/workspace/btTest/paypal.php on line 2
[06-Aug-2015 00:00:10 UTC] PHP Stack trace:
[06-Aug-2015 00:00:10 UTC] PHP   1. {main}() /home/ubuntu/workspace/btTest/paypal.php:0
[06-Aug-2015 00:00:10 UTC] PHP Fatal error:  require_once(): Failed opening required '/home/ubuntu/workspace/mybt/braintree-php-3.2.0/lib/Braintree.php' (include_path='.:/usr/share/php:/usr/share/pear') in /home/ubuntu/workspace/btTest/paypal.php on line 2
[06-Aug-2015 00:00:10 UTC] PHP Stack trace:
[06-Aug-2015 00:00:10 UTC] PHP   1. {main}() /home/ubuntu/workspace/btTest/paypal.php:0
[06-Aug-2015 00:00:10 UTC] PHP Warning:  require_once(/home/ubuntu/workspace/mybt/braintree-php-3.2.0/lib/Braintree.php): failed to open stream: No such file or directory in /home/ubuntu/workspace/btTest/paypal.php on line 2
[06-Aug-2015 00:00:10 UTC] PHP Stack trace:
[06-Aug-2015 00:00:10 UTC] PHP   1. {main}() /home/ubuntu/workspace/btTest/paypal.php:0
[06-Aug-2015 00:00:10 UTC] PHP Fatal error:  require_once(): Failed opening required '/home/ubuntu/workspace/mybt/braintree-php-3.2.0/lib/Braintree.php' (include_path='.:/usr/share/php:/usr/share/pear') in /home/ubuntu/workspace/btTest/paypal.php on line 2
[06-Aug-2015 00:00:10 UTC] PHP Stack trace:
[06-Aug-2015 00:00:10 UTC] PHP   1. {main}() /home/ubuntu/workspace/btTest/paypal.php:0
[06-Aug-2015 00:00:10 UTC] PHP Warning:  require_once(/home/ubuntu/workspace/mybt/braintree-php-3.2.0/lib/Braintree.php): failed to open stream: No such file or directory in /home/ubuntu/workspace/btTest/paypal.php on line 2
[06-Aug-2015 00:00:10 UTC] PHP Stack trace:
[06-Aug-2015 00:00:10 UTC] PHP   1. {main}() /home/ubuntu/workspace/btTest/paypal.php:0
[06-Aug-2015 00:00:10 UTC] PHP Fatal error:  require_once(): Failed opening required '/home/ubuntu/workspace/mybt/braintree-php-3.2.0/lib/Braintree.php' (include_path='.:/usr/share/php:/usr/share/pear') in /home/ubuntu/workspace/btTest/paypal.php on line 2
[06-Aug-2015 00:00:10 UTC] PHP Stack trace:
[06-Aug-2015 00:00:10 UTC] PHP   1. {main}() /home/ubuntu/workspace/btTest/paypal.php:0
[06-Aug-2015 00:00:10 UTC] PHP Warning:  require_once(/home/ubuntu/workspace/mybt/braintree-php-3.2.0/lib/Braintree.php): failed to open stream: No such file or directory in /home/ubuntu/workspace/btTest/paypal.php on line 2
[06-Aug-2015 00:00:10 UTC] PHP Stack trace:
[06-Aug-2015 00:00:10 UTC] PHP   1. {main}() /home/ubuntu/workspace/btTest/paypal.php:0
[06-Aug-2015 00:00:10 UTC] PHP Fatal error:  require_once(): Failed opening required '/home/ubuntu/workspace/mybt/braintree-php-3.2.0/lib/Braintree.php' (include_path='.:/usr/share/php:/usr/share/pear') in /home/ubuntu/workspace/btTest/paypal.php on line 2
[06-Aug-2015 00:00:10 UTC] PHP Stack trace:
[06-Aug-2015 00:00:10 UTC] PHP   1. {main}() /home/ubuntu/workspace/btTest/paypal.php:0
[06-Aug-2015 00:00:11 UTC] PHP Warning:  require_once(/home/ubuntu/workspace/mybt/braintree-php-3.2.0/lib/Braintree.php): failed to open stream: No such file or directory in /home/ubuntu/workspace/btTest/paypal.php on line 2
[06-Aug-2015 00:00:11 UTC] PHP Stack trace:
[06-Aug-2015 00:00:11 UTC] PHP   1. {main}() /home/ubuntu/workspace/btTest/paypal.php:0
[06-Aug-2015 00:00:11 UTC] PHP Fatal error:  require_once(): Failed opening required '/home/ubuntu/workspace/mybt/braintree-php-3.2.0/lib/Braintree.php' (include_path='.:/usr/share/php:/usr/share/pear') in /home/ubuntu/workspace/btTest/paypal.php on line 2
[06-Aug-2015 00:00:11 UTC] PHP Stack trace:
[06-Aug-2015 00:00:11 UTC] PHP   1. {main}() /home/ubuntu/workspace/btTest/paypal.php:0
[06-Aug-2015 00:00:26 UTC] PHP Fatal error:  Class 'Braintree_ClientToken' not found in /home/ubuntu/workspace/btTest/paypal.php on line 3
[06-Aug-2015 00:00:26 UTC] PHP Stack trace:
[06-Aug-2015 00:00:26 UTC] PHP   1. {main}() /home/ubuntu/workspace/btTest/paypal.php:0
[06-Aug-2015 00:02:30 UTC] PHP Parse error:  syntax error, unexpected 'and' (T_LOGICAL_AND) in /home/ubuntu/workspace/php.ini on line 220
[06-Aug-2015 00:02:30 UTC] PHP Stack trace:
[06-Aug-2015 00:02:30 UTC] PHP   1. {main}() /home/ubuntu/workspace/btTest/paypal.php:0
[06-Aug-2015 00:03:32 UTC] PHP Fatal error:  Uncaught exception 'Braintree_Exception_Configuration' with message 'Braintree_Configuration::merchantId needs to be set (or accessToken needs to be passed to Braintree_Gateway).' in /home/ubuntu/workspace/braintree-php-3.2.0/lib/Braintree/Configuration.php:117
Stack trace:
#0 /home/ubuntu/workspace/braintree-php-3.2.0/lib/Braintree/ClientTokenGateway.php(31): Braintree_Configuration->assertHasAccessTokenOrKeys()
#1 /home/ubuntu/workspace/braintree-php-3.2.0/lib/Braintree/Gateway.php(49): Braintree_ClientTokenGateway->__construct(Object(Braintree_Gateway))
#2 /home/ubuntu/workspace/braintree-php-3.2.0/lib/Braintree/ClientToken.php(17): Braintree_Gateway->clientToken()
#3 /home/ubuntu/workspace/btTest/paypal.php(3): Braintree_ClientToken::generate()
#4 {main}
  thrown in /home/ubuntu/workspace/braintree-php-3.2.0/lib/Braintree/Configuration.php on line 117
[06-Aug-2015 00:36:28 UTC] PHP Parse error:  syntax error, unexpected 'https' (T_STRING), expecting ',' or ';' in /home/ubuntu/workspace/btTest/index.php on line 3
[06-Aug-2015 00:38:52 UTC] PHP Parse error:  syntax error, unexpected 'https' (T_STRING), expecting ',' or ';' in /home/ubuntu/workspace/btTest/checkout.php on line 5
[06-Aug-2015 04:09:22 UTC] PHP Notice:  Undefined property on Braintree_Result_Successful: token in /home/ubuntu/workspace/braintree-php-3.2.0/lib/Braintree/Instance.php on line 34
[06-Aug-2015 04:09:22 UTC] PHP Stack trace:
[06-Aug-2015 04:09:22 UTC] PHP   1. {main}() /home/ubuntu/workspace/btTest/create_paymentmethod.php:0
[06-Aug-2015 04:09:22 UTC] PHP   2. Braintree_Instance->__get() /home/ubuntu/workspace/btTest/create_paymentmethod.php:20
[06-Aug-2015 04:09:22 UTC] PHP   3. trigger_error() /home/ubuntu/workspace/braintree-php-3.2.0/lib/Braintree/Instance.php:34
[06-Aug-2015 04:14:54 UTC] PHP Notice:  Undefined property on Braintree_Result_Error: token in /home/ubuntu/workspace/braintree-php-3.2.0/lib/Braintree/Base.php on line 42
[06-Aug-2015 04:14:54 UTC] PHP Stack trace:
[06-Aug-2015 04:14:54 UTC] PHP   1. {main}() /home/ubuntu/workspace/btTest/create_paymentmethod.php:0
[06-Aug-2015 04:14:54 UTC] PHP   2. Braintree_Base->__get() /home/ubuntu/workspace/btTest/create_paymentmethod.php:20
[06-Aug-2015 04:14:54 UTC] PHP   3. trigger_error() /home/ubuntu/workspace/braintree-php-3.2.0/lib/Braintree/Base.php:42
[06-Aug-2015 04:15:33 UTC] PHP Notice:  Undefined property on Braintree_Result_Successful: token in /home/ubuntu/workspace/braintree-php-3.2.0/lib/Braintree/Instance.php on line 34
[06-Aug-2015 04:15:33 UTC] PHP Stack trace:
[06-Aug-2015 04:15:33 UTC] PHP   1. {main}() /home/ubuntu/workspace/btTest/create_paymentmethod.php:0
[06-Aug-2015 04:15:33 UTC] PHP   2. Braintree_Instance->__get() /home/ubuntu/workspace/btTest/create_paymentmethod.php:20
[06-Aug-2015 04:15:33 UTC] PHP   3. trigger_error() /home/ubuntu/workspace/braintree-php-3.2.0/lib/Braintree/Instance.php:34
[06-Aug-2015 04:15:50 UTC] PHP Fatal error:  Uncaught exception 'InvalidArgumentException' with message 'invalid keys: token' in /home/ubuntu/workspace/braintree-php-3.2.0/lib/Braintree/Util.php:312
Stack trace:
#0 /home/ubuntu/workspace/braintree-php-3.2.0/lib/Braintree/TransactionGateway.php(44): Braintree_Util::verifyKeys(Array, Array)
#1 /home/ubuntu/workspace/braintree-php-3.2.0/lib/Braintree/TransactionGateway.php(240): Braintree_TransactionGateway->create(Array)
#2 /home/ubuntu/workspace/braintree-php-3.2.0/lib/Braintree/Transaction.php(460): Braintree_TransactionGateway->sale(Array)
#3 /home/ubuntu/workspace/btTest/token_charge.php(14): Braintree_Transaction::sale(Array)
#4 {main}
  thrown in /home/ubuntu/workspace/braintree-php-3.2.0/lib/Braintree/Util.php on line 312
[06-Aug-2015 04:17:51 UTC] PHP Parse error:  syntax error, unexpected 'echo' (T_ECHO) in /home/ubuntu/workspace/btTest/token_charge.php on line 5
[06-Aug-2015 04:18:03 UTC] PHP Fatal error:  Uncaught exception 'InvalidArgumentException' with message 'invalid keys: token' in /home/ubuntu/workspace/braintree-php-3.2.0/lib/Braintree/Util.php:312
Stack trace:
#0 /home/ubuntu/workspace/braintree-php-3.2.0/lib/Braintree/TransactionGateway.php(44): Braintree_Util::verifyKeys(Array, Array)
#1 /home/ubuntu/workspace/braintree-php-3.2.0/lib/Braintree/TransactionGateway.php(240): Braintree_TransactionGateway->create(Array)
#2 /home/ubuntu/workspace/braintree-php-3.2.0/lib/Braintree/Transaction.php(460): Braintree_TransactionGateway->sale(Array)
#3 /home/ubuntu/workspace/btTest/token_charge.php(16): Braintree_Transaction::sale(Array)
#4 {main}
  thrown in /home/ubuntu/workspace/braintree-php-3.2.0/lib/Braintree/Util.php on line 312
[06-Aug-2015 15:37:38 UTC] PHP Parse error:  syntax error, unexpected 'echo' (T_ECHO), expecting ',' or ';' in /home/ubuntu/workspace/btTest/customer_process.php on line 25
[06-Aug-2015 19:08:58 UTC] PHP Parse error:  syntax error, unexpected '<' in /home/ubuntu/workspace/btTest/customer_process.php on line 34
[06-Aug-2015 19:11:18 UTC] PHP Notice:  Undefined property on Braintree_Result_Error: paymentMethod in /home/ubuntu/workspace/braintree-php-3.2.0/lib/Braintree/Base.php on line 42
[06-Aug-2015 19:11:18 UTC] PHP Stack trace:
[06-Aug-2015 19:11:18 UTC] PHP   1. {main}() /home/ubuntu/workspace/btTest/create_paymentmethod_cc.php:0
[06-Aug-2015 19:11:18 UTC] PHP   2. Braintree_Base->__get() /home/ubuntu/workspace/btTest/create_paymentmethod_cc.php:20
[06-Aug-2015 19:11:18 UTC] PHP   3. trigger_error() /home/ubuntu/workspace/braintree-php-3.2.0/lib/Braintree/Base.php:42
[06-Aug-2015 19:25:17 UTC] PHP Notice:  Undefined property on Braintree_Result_Error: paymentMethod in /home/ubuntu/workspace/braintree-php-3.2.0/lib/Braintree/Base.php on line 42
[06-Aug-2015 19:25:17 UTC] PHP Stack trace:
[06-Aug-2015 19:25:17 UTC] PHP   1. {main}() /home/ubuntu/workspace/btTest/create_paymentmethod_cc.php:0
[06-Aug-2015 19:25:17 UTC] PHP   2. Braintree_Base->__get() /home/ubuntu/workspace/btTest/create_paymentmethod_cc.php:20
[06-Aug-2015 19:25:17 UTC] PHP   3. trigger_error() /home/ubuntu/workspace/braintree-php-3.2.0/lib/Braintree/Base.php:42
[06-Aug-2015 19:45:48 UTC] PHP Fatal error:  Class 'Braintree_ClientToken' not found in /home/ubuntu/workspace/btTest/hosted.php on line 6
[06-Aug-2015 19:45:48 UTC] PHP Stack trace:
[06-Aug-2015 19:45:48 UTC] PHP   1. {main}() /home/ubuntu/workspace/btTest/hosted.php:0
[06-Aug-2015 20:27:31 UTC] PHP Fatal error:  Uncaught exception 'InvalidArgumentException' with message 'Settled is an invalid transaction id.' in /home/ubuntu/workspace/braintree-php-3.2.0/lib/Braintree/TransactionGateway.php:410
Stack trace:
#0 /home/ubuntu/workspace/braintree-php-3.2.0/lib/Braintree/TransactionGateway.php(373): Braintree_TransactionGateway->_validateId('Settled')
#1 /home/ubuntu/workspace/braintree-php-3.2.0/lib/Braintree/Transaction.php(515): Braintree_TransactionGateway->refund('Settled', NULL)
#2 /home/ubuntu/workspace/btTest/refund.php(10): Braintree_Transaction::refund('Settled')
#3 {main}
  thrown in /home/ubuntu/workspace/braintree-php-3.2.0/lib/Braintree/TransactionGateway.php on line 410
[06-Aug-2015 21:30:13 UTC] PHP Parse error:  syntax error, unexpected '"\n"' (T_CONSTANT_ENCAPSED_STRING) in /home/ubuntu/workspace/btTest/webhooks.php on line 14
[07-Aug-2015 15:59:08 UTC] PHP Parse error:  syntax error, unexpected end of file in /home/ubuntu/workspace/btTest/webhooks.php on line 30
[07-Aug-2015 15:59:59 UTC] PHP Parse error:  syntax error, unexpected end of file in /home/ubuntu/workspace/btTest/webhooks.php on line 30
[07-Aug-2015 16:00:00 UTC] PHP Parse error:  syntax error, unexpected end of file in /home/ubuntu/workspace/btTest/webhooks.php on line 30
[07-Aug-2015 16:00:00 UTC] PHP Parse error:  syntax error, unexpected end of file in /home/ubuntu/workspace/btTest/webhooks.php on line 30
[07-Aug-2015 16:00:01 UTC] PHP Parse error:  syntax error, unexpected end of file in /home/ubuntu/workspace/btTest/webhooks.php on line 30
[07-Aug-2015 16:00:47 UTC] PHP Parse error:  syntax error, unexpected '$file' (T_VARIABLE) in /home/ubuntu/workspace/btTest/webhooks.php on line 23
[07-Aug-2015 16:00:49 UTC] PHP Parse error:  syntax error, unexpected '$file' (T_VARIABLE) in /home/ubuntu/workspace/btTest/webhooks.php on line 23
[07-Aug-2015 16:00:49 UTC] PHP Parse error:  syntax error, unexpected '$file' (T_VARIABLE) in /home/ubuntu/workspace/btTest/webhooks.php on line 23
[07-Aug-2015 16:00:49 UTC] PHP Parse error:  syntax error, unexpected '$file' (T_VARIABLE) in /home/ubuntu/workspace/btTest/webhooks.php on line 23
[07-Aug-2015 16:00:50 UTC] PHP Parse error:  syntax error, unexpected '$file' (T_VARIABLE) in /home/ubuntu/workspace/btTest/webhooks.php on line 23
[07-Aug-2015 16:03:39 UTC] PHP Parse error:  syntax error, unexpected end of file in /home/ubuntu/workspace/btTest/webhooks.php on line 32
[07-Aug-2015 16:03:40 UTC] PHP Parse error:  syntax error, unexpected end of file in /home/ubuntu/workspace/btTest/webhooks.php on line 32
[07-Aug-2015 16:03:40 UTC] PHP Parse error:  syntax error, unexpected end of file in /home/ubuntu/workspace/btTest/webhooks.php on line 32
[07-Aug-2015 16:03:40 UTC] PHP Parse error:  syntax error, unexpected end of file in /home/ubuntu/workspace/btTest/webhooks.php on line 32
[07-Aug-2015 16:03:41 UTC] PHP Parse error:  syntax error, unexpected end of file in /home/ubuntu/workspace/btTest/webhooks.php on line 32
[07-Aug-2015 16:03:41 UTC] PHP Parse error:  syntax error, unexpected end of file in /home/ubuntu/workspace/btTest/webhooks.php on line 32
[07-Aug-2015 16:03:41 UTC] PHP Parse error:  syntax error, unexpected end of file in /home/ubuntu/workspace/btTest/webhooks.php on line 32
[07-Aug-2015 16:03:41 UTC] PHP Parse error:  syntax error, unexpected end of file in /home/ubuntu/workspace/btTest/webhooks.php on line 32
[07-Aug-2015 16:03:41 UTC] PHP Parse error:  syntax error, unexpected end of file in /home/ubuntu/workspace/btTest/webhooks.php on line 32
[07-Aug-2015 16:03:41 UTC] PHP Parse error:  syntax error, unexpected end of file in /home/ubuntu/workspace/btTest/webhooks.php on line 32
[07-Aug-2015 16:10:38 UTC] PHP Catchable fatal error:  Object of class Braintree_WebhookNotification could not be converted to string in /home/ubuntu/workspace/btTest/webhooks.php on line 24
[07-Aug-2015 16:10:38 UTC] PHP Stack trace:
[07-Aug-2015 16:10:38 UTC] PHP   1. {main}() /home/ubuntu/workspace/btTest/webhooks.php:0
[07-Aug-2015 16:12:08 UTC] PHP Catchable fatal error:  Object of class Braintree_WebhookNotification could not be converted to string in /home/ubuntu/workspace/btTest/webhooks.php on line 24
[07-Aug-2015 16:12:08 UTC] PHP Stack trace:
[07-Aug-2015 16:12:08 UTC] PHP   1. {main}() /home/ubuntu/workspace/btTest/webhooks.php:0
[07-Aug-2015 16:14:43 UTC] PHP Notice:  Undefined property on Braintree_WebhookNotification: subscription in /home/ubuntu/workspace/braintree-php-3.2.0/lib/Braintree/Base.php on line 42
[07-Aug-2015 16:14:43 UTC] PHP Stack trace:
[07-Aug-2015 16:14:43 UTC] PHP   1. {main}() /home/ubuntu/workspace/btTest/webhooks.php:0
[07-Aug-2015 16:14:43 UTC] PHP   2. Braintree_Base->__get() /home/ubuntu/workspace/btTest/webhooks.php:32
[07-Aug-2015 16:14:43 UTC] PHP   3. trigger_error() /home/ubuntu/workspace/braintree-php-3.2.0/lib/Braintree/Base.php:42
[07-Aug-2015 16:24:09 UTC] PHP Notice:  Undefined property on Braintree_WebhookNotification: subscription in /home/ubuntu/workspace/braintree-php-3.2.0/lib/Braintree/Base.php on line 42
[07-Aug-2015 16:24:09 UTC] PHP Stack trace:
[07-Aug-2015 16:24:09 UTC] PHP   1. {main}() /home/ubuntu/workspace/btTest/webhooks.php:0
[07-Aug-2015 16:24:09 UTC] PHP   2. Braintree_Base->__get() /home/ubuntu/workspace/btTest/webhooks.php:34
[07-Aug-2015 16:24:09 UTC] PHP   3. trigger_error() /home/ubuntu/workspace/braintree-php-3.2.0/lib/Braintree/Base.php:42
[07-Aug-2015 16:26:07 UTC] PHP Notice:  Undefined property on Braintree_WebhookNotification: subscription in /home/ubuntu/workspace/braintree-php-3.2.0/lib/Braintree/Base.php on line 42
[07-Aug-2015 16:26:07 UTC] PHP Stack trace:
[07-Aug-2015 16:26:07 UTC] PHP   1. {main}() /home/ubuntu/workspace/btTest/webhooks.php:0
[07-Aug-2015 16:26:07 UTC] PHP   2. Braintree_Base->__get() /home/ubuntu/workspace/btTest/webhooks.php:34
[07-Aug-2015 16:26:07 UTC] PHP   3. trigger_error() /home/ubuntu/workspace/braintree-php-3.2.0/lib/Braintree/Base.php:42
[07-Aug-2015 16:29:17 UTC] PHP Notice:  Undefined property on Braintree_WebhookNotification: message in /home/ubuntu/workspace/braintree-php-3.2.0/lib/Braintree/Base.php on line 42
[07-Aug-2015 16:29:17 UTC] PHP Stack trace:
[07-Aug-2015 16:29:17 UTC] PHP   1. {main}() /home/ubuntu/workspace/btTest/webhooks.php:0
[07-Aug-2015 16:29:17 UTC] PHP   2. Braintree_Base->__get() /home/ubuntu/workspace/btTest/webhooks.php:31
[07-Aug-2015 16:29:17 UTC] PHP   3. trigger_error() /home/ubuntu/workspace/braintree-php-3.2.0/lib/Braintree/Base.php:42
[07-Aug-2015 16:29:17 UTC] PHP Notice:  Undefined property on Braintree_WebhookNotification: errors in /home/ubuntu/workspace/braintree-php-3.2.0/lib/Braintree/Base.php on line 42
[07-Aug-2015 16:29:17 UTC] PHP Stack trace:
[07-Aug-2015 16:29:17 UTC] PHP   1. {main}() /home/ubuntu/workspace/btTest/webhooks.php:0
[07-Aug-2015 16:29:17 UTC] PHP   2. Braintree_Base->__get() /home/ubuntu/workspace/btTest/webhooks.php:32
[07-Aug-2015 16:29:17 UTC] PHP   3. trigger_error() /home/ubuntu/workspace/braintree-php-3.2.0/lib/Braintree/Base.php:42
[07-Aug-2015 16:29:17 UTC] PHP Notice:  Undefined property on Braintree_WebhookNotification: subscription in /home/ubuntu/workspace/braintree-php-3.2.0/lib/Braintree/Base.php on line 42
[07-Aug-2015 16:29:17 UTC] PHP Stack trace:
[07-Aug-2015 16:29:17 UTC] PHP   1. {main}() /home/ubuntu/workspace/btTest/webhooks.php:0
[07-Aug-2015 16:29:17 UTC] PHP   2. Braintree_Base->__get() /home/ubuntu/workspace/btTest/webhooks.php:36
[07-Aug-2015 16:29:17 UTC] PHP   3. trigger_error() /home/ubuntu/workspace/braintree-php-3.2.0/lib/Braintree/Base.php:42
[07-Aug-2015 16:30:19 UTC] PHP Notice:  Undefined property on Braintree_WebhookNotification: message in /home/ubuntu/workspace/braintree-php-3.2.0/lib/Braintree/Base.php on line 42
[07-Aug-2015 16:30:19 UTC] PHP Stack trace:
[07-Aug-2015 16:30:19 UTC] PHP   1. {main}() /home/ubuntu/workspace/btTest/webhooks.php:0
[07-Aug-2015 16:30:19 UTC] PHP   2. Braintree_Base->__get() /home/ubuntu/workspace/btTest/webhooks.php:31
[07-Aug-2015 16:30:19 UTC] PHP   3. trigger_error() /home/ubuntu/workspace/braintree-php-3.2.0/lib/Braintree/Base.php:42
[07-Aug-2015 16:30:19 UTC] PHP Notice:  Undefined property on Braintree_WebhookNotification: errors in /home/ubuntu/workspace/braintree-php-3.2.0/lib/Braintree/Base.php on line 42
[07-Aug-2015 16:30:19 UTC] PHP Stack trace:
[07-Aug-2015 16:30:19 UTC] PHP   1. {main}() /home/ubuntu/workspace/btTest/webhooks.php:0
[07-Aug-2015 16:30:19 UTC] PHP   2. Braintree_Base->__get() /home/ubuntu/workspace/btTest/webhooks.php:32
[07-Aug-2015 16:30:19 UTC] PHP   3. trigger_error() /home/ubuntu/workspace/braintree-php-3.2.0/lib/Braintree/Base.php:42
[07-Aug-2015 16:30:19 UTC] PHP Notice:  Undefined property on Braintree_WebhookNotification: merchantAccount in /home/ubuntu/workspace/braintree-php-3.2.0/lib/Braintree/Base.php on line 42
[07-Aug-2015 16:30:19 UTC] PHP Stack trace:
[07-Aug-2015 16:30:19 UTC] PHP   1. {main}() /home/ubuntu/workspace/btTest/webhooks.php:0
[07-Aug-2015 16:30:19 UTC] PHP   2. Braintree_Base->__get() /home/ubuntu/workspace/btTest/webhooks.php:34
[07-Aug-2015 16:30:19 UTC] PHP   3. trigger_error() /home/ubuntu/workspace/braintree-php-3.2.0/lib/Braintree/Base.php:42
[07-Aug-2015 16:30:19 UTC] PHP Notice:  Undefined property on Braintree_WebhookNotification: merchantAccount in /home/ubuntu/workspace/braintree-php-3.2.0/lib/Braintree/Base.php on line 42
[07-Aug-2015 16:30:19 UTC] PHP Stack trace:
[07-Aug-2015 16:30:19 UTC] PHP   1. {main}() /home/ubuntu/workspace/btTest/webhooks.php:0
[07-Aug-2015 16:30:19 UTC] PHP   2. Braintree_Base->__get() /home/ubuntu/workspace/btTest/webhooks.php:35
[07-Aug-2015 16:30:19 UTC] PHP   3. trigger_error() /home/ubuntu/workspace/braintree-php-3.2.0/lib/Braintree/Base.php:42
[07-Aug-2015 16:30:19 UTC] PHP Notice:  Undefined property on Braintree_WebhookNotification: message in /home/ubuntu/workspace/braintree-php-3.2.0/lib/Braintree/Base.php on line 42
[07-Aug-2015 16:30:19 UTC] PHP Stack trace:
[07-Aug-2015 16:30:19 UTC] PHP   1. {main}() /home/ubuntu/workspace/btTest/webhooks.php:0
[07-Aug-2015 16:30:19 UTC] PHP   2. Braintree_Base->__get() /home/ubuntu/workspace/btTest/webhooks.php:31
[07-Aug-2015 16:30:19 UTC] PHP   3. trigger_error() /home/ubuntu/workspace/braintree-php-3.2.0/lib/Braintree/Base.php:42
[07-Aug-2015 16:30:19 UTC] PHP Notice:  Undefined property on Braintree_WebhookNotification: errors in /home/ubuntu/workspace/braintree-php-3.2.0/lib/Braintree/Base.php on line 42
[07-Aug-2015 16:30:19 UTC] PHP Stack trace:
[07-Aug-2015 16:30:19 UTC] PHP   1. {main}() /home/ubuntu/workspace/btTest/webhooks.php:0
[07-Aug-2015 16:30:19 UTC] PHP   2. Braintree_Base->__get() /home/ubuntu/workspace/btTest/webhooks.php:32
[07-Aug-2015 16:30:19 UTC] PHP   3. trigger_error() /home/ubuntu/workspace/braintree-php-3.2.0/lib/Braintree/Base.php:42
[07-Aug-2015 16:30:19 UTC] PHP Notice:  Undefined property on Braintree_WebhookNotification: merchantAccount in /home/ubuntu/workspace/braintree-php-3.2.0/lib/Braintree/Base.php on line 42
[07-Aug-2015 16:30:19 UTC] PHP Stack trace:
[07-Aug-2015 16:30:19 UTC] PHP   1. {main}() /home/ubuntu/workspace/btTest/webhooks.php:0
[07-Aug-2015 16:30:19 UTC] PHP   2. Braintree_Base->__get() /home/ubuntu/workspace/btTest/webhooks.php:34
[07-Aug-2015 16:30:19 UTC] PHP   3. trigger_error() /home/ubuntu/workspace/braintree-php-3.2.0/lib/Braintree/Base.php:42
[07-Aug-2015 16:30:19 UTC] PHP Notice:  Undefined property on Braintree_WebhookNotification: merchantAccount in /home/ubuntu/workspace/braintree-php-3.2.0/lib/Braintree/Base.php on line 42
[07-Aug-2015 16:30:19 UTC] PHP Stack trace:
[07-Aug-2015 16:30:19 UTC] PHP   1. {main}() /home/ubuntu/workspace/btTest/webhooks.php:0
[07-Aug-2015 16:30:19 UTC] PHP   2. Braintree_Base->__get() /home/ubuntu/workspace/btTest/webhooks.php:35
[07-Aug-2015 16:30:19 UTC] PHP   3. trigger_error() /home/ubuntu/workspace/braintree-php-3.2.0/lib/Braintree/Base.php:42
[07-Aug-2015 16:37:44 UTC] PHP Notice:  Undefined property on Braintree_WebhookNotification: message in /home/ubuntu/workspace/braintree-php-3.2.0/lib/Braintree/Base.php on line 42
[07-Aug-2015 16:37:44 UTC] PHP Stack trace:
[07-Aug-2015 16:37:44 UTC] PHP   1. {main}() /home/ubuntu/workspace/btTest/webhooks.php:0
[07-Aug-2015 16:37:44 UTC] PHP   2. Braintree_Base->__get() /home/ubuntu/workspace/btTest/webhooks.php:31
[07-Aug-2015 16:37:44 UTC] PHP   3. trigger_error() /home/ubuntu/workspace/braintree-php-3.2.0/lib/Braintree/Base.php:42
[07-Aug-2015 16:37:44 UTC] PHP Notice:  Undefined property on Braintree_WebhookNotification: errors in /home/ubuntu/workspace/braintree-php-3.2.0/lib/Braintree/Base.php on line 42
[07-Aug-2015 16:37:44 UTC] PHP Stack trace:
[07-Aug-2015 16:37:44 UTC] PHP   1. {main}() /home/ubuntu/workspace/btTest/webhooks.php:0
[07-Aug-2015 16:37:44 UTC] PHP   2. Braintree_Base->__get() /home/ubuntu/workspace/btTest/webhooks.php:32
[07-Aug-2015 16:37:44 UTC] PHP   3. trigger_error() /home/ubuntu/workspace/braintree-php-3.2.0/lib/Braintree/Base.php:42
[07-Aug-2015 16:37:44 UTC] PHP Notice:  Undefined property on Braintree_WebhookNotification: subscription in /home/ubuntu/workspace/braintree-php-3.2.0/lib/Braintree/Base.php on line 42
[07-Aug-2015 16:37:44 UTC] PHP Stack trace:
[07-Aug-2015 16:37:44 UTC] PHP   1. {main}() /home/ubuntu/workspace/btTest/webhooks.php:0
[07-Aug-2015 16:37:44 UTC] PHP   2. Braintree_Base->__get() /home/ubuntu/workspace/btTest/webhooks.php:36
[07-Aug-2015 16:37:44 UTC] PHP   3. trigger_error() /home/ubuntu/workspace/braintree-php-3.2.0/lib/Braintree/Base.php:42
[07-Aug-2015 16:41:09 UTC] PHP Notice:  Undefined property on Braintree_WebhookNotification: message in /home/ubuntu/workspace/braintree-php-3.2.0/lib/Braintree/Base.php on line 42
[07-Aug-2015 16:41:09 UTC] PHP Stack trace:
[07-Aug-2015 16:41:09 UTC] PHP   1. {main}() /home/ubuntu/workspace/btTest/webhooks.php:0
[07-Aug-2015 16:41:09 UTC] PHP   2. Braintree_Base->__get() /home/ubuntu/workspace/btTest/webhooks.php:31
[07-Aug-2015 16:41:09 UTC] PHP   3. trigger_error() /home/ubuntu/workspace/braintree-php-3.2.0/lib/Braintree/Base.php:42
[07-Aug-2015 16:41:09 UTC] PHP Notice:  Undefined property on Braintree_WebhookNotification: errors in /home/ubuntu/workspace/braintree-php-3.2.0/lib/Braintree/Base.php on line 42
[07-Aug-2015 16:41:09 UTC] PHP Stack trace:
[07-Aug-2015 16:41:09 UTC] PHP   1. {main}() /home/ubuntu/workspace/btTest/webhooks.php:0
[07-Aug-2015 16:41:09 UTC] PHP   2. Braintree_Base->__get() /home/ubuntu/workspace/btTest/webhooks.php:32
[07-Aug-2015 16:41:09 UTC] PHP   3. trigger_error() /home/ubuntu/workspace/braintree-php-3.2.0/lib/Braintree/Base.php:42
[07-Aug-2015 16:41:09 UTC] PHP Notice:  Undefined property on Braintree_WebhookNotification: subscription in /home/ubuntu/workspace/braintree-php-3.2.0/lib/Braintree/Base.php on line 42
[07-Aug-2015 16:41:09 UTC] PHP Stack trace:
[07-Aug-2015 16:41:09 UTC] PHP   1. {main}() /home/ubuntu/workspace/btTest/webhooks.php:0
[07-Aug-2015 16:41:09 UTC] PHP   2. Braintree_Base->__get() /home/ubuntu/workspace/btTest/webhooks.php:36
[07-Aug-2015 16:41:09 UTC] PHP   3. trigger_error() /home/ubuntu/workspace/braintree-php-3.2.0/lib/Braintree/Base.php:42
[07-Aug-2015 16:55:11 UTC] PHP Notice:  Undefined property on Braintree_WebhookNotification: message in /home/ubuntu/workspace/braintree-php-3.2.0/lib/Braintree/Base.php on line 42
[07-Aug-2015 16:55:11 UTC] PHP Stack trace:
[07-Aug-2015 16:55:11 UTC] PHP   1. {main}() /home/ubuntu/workspace/btTest/webhooks.php:0
[07-Aug-2015 16:55:11 UTC] PHP   2. Braintree_Base->__get() /home/ubuntu/workspace/btTest/webhooks.php:31
[07-Aug-2015 16:55:11 UTC] PHP   3. trigger_error() /home/ubuntu/workspace/braintree-php-3.2.0/lib/Braintree/Base.php:42
[07-Aug-2015 16:55:11 UTC] PHP Notice:  Undefined property on Braintree_WebhookNotification: errors in /home/ubuntu/workspace/braintree-php-3.2.0/lib/Braintree/Base.php on line 42
[07-Aug-2015 16:55:11 UTC] PHP Stack trace:
[07-Aug-2015 16:55:11 UTC] PHP   1. {main}() /home/ubuntu/workspace/btTest/webhooks.php:0
[07-Aug-2015 16:55:11 UTC] PHP   2. Braintree_Base->__get() /home/ubuntu/workspace/btTest/webhooks.php:32
[07-Aug-2015 16:55:11 UTC] PHP   3. trigger_error() /home/ubuntu/workspace/braintree-php-3.2.0/lib/Braintree/Base.php:42
[07-Aug-2015 16:55:11 UTC] PHP Notice:  Undefined property on Braintree_WebhookNotification: subscription in /home/ubuntu/workspace/braintree-php-3.2.0/lib/Braintree/Base.php on line 42
[07-Aug-2015 16:55:11 UTC] PHP Stack trace:
[07-Aug-2015 16:55:11 UTC] PHP   1. {main}() /home/ubuntu/workspace/btTest/webhooks.php:0
[07-Aug-2015 16:55:11 UTC] PHP   2. Braintree_Base->__get() /home/ubuntu/workspace/btTest/webhooks.php:36
[07-Aug-2015 16:55:11 UTC] PHP   3. trigger_error() /home/ubuntu/workspace/braintree-php-3.2.0/lib/Braintree/Base.php:42
[07-Aug-2015 16:57:02 UTC] PHP Notice:  Undefined property on Braintree_WebhookNotification: message in /home/ubuntu/workspace/braintree-php-3.2.0/lib/Braintree/Base.php on line 42
[07-Aug-2015 16:57:02 UTC] PHP Stack trace:
[07-Aug-2015 16:57:02 UTC] PHP   1. {main}() /home/ubuntu/workspace/btTest/webhooks.php:0
[07-Aug-2015 16:57:02 UTC] PHP   2. Braintree_Base->__get() /home/ubuntu/workspace/btTest/webhooks.php:31
[07-Aug-2015 16:57:02 UTC] PHP   3. trigger_error() /home/ubuntu/workspace/braintree-php-3.2.0/lib/Braintree/Base.php:42
[07-Aug-2015 16:57:02 UTC] PHP Notice:  Undefined property on Braintree_WebhookNotification: errors in /home/ubuntu/workspace/braintree-php-3.2.0/lib/Braintree/Base.php on line 42
[07-Aug-2015 16:57:02 UTC] PHP Stack trace:
[07-Aug-2015 16:57:02 UTC] PHP   1. {main}() /home/ubuntu/workspace/btTest/webhooks.php:0
[07-Aug-2015 16:57:02 UTC] PHP   2. Braintree_Base->__get() /home/ubuntu/workspace/btTest/webhooks.php:32
[07-Aug-2015 16:57:02 UTC] PHP   3. trigger_error() /home/ubuntu/workspace/braintree-php-3.2.0/lib/Braintree/Base.php:42
[07-Aug-2015 16:57:02 UTC] PHP Notice:  Undefined property on Braintree_WebhookNotification: subscription in /home/ubuntu/workspace/braintree-php-3.2.0/lib/Braintree/Base.php on line 42
[07-Aug-2015 16:57:02 UTC] PHP Stack trace:
[07-Aug-2015 16:57:02 UTC] PHP   1. {main}() /home/ubuntu/workspace/btTest/webhooks.php:0
[07-Aug-2015 16:57:02 UTC] PHP   2. Braintree_Base->__get() /home/ubuntu/workspace/btTest/webhooks.php:36
[07-Aug-2015 16:57:02 UTC] PHP   3. trigger_error() /home/ubuntu/workspace/braintree-php-3.2.0/lib/Braintree/Base.php:42
[07-Aug-2015 17:16:57 UTC] PHP Notice:  Undefined property on Braintree_WebhookNotification: message in /home/ubuntu/workspace/braintree-php-3.2.0/lib/Braintree/Base.php on line 42
[07-Aug-2015 17:16:57 UTC] PHP Stack trace:
[07-Aug-2015 17:16:57 UTC] PHP   1. {main}() /home/ubuntu/workspace/btTest/webhooks.php:0
[07-Aug-2015 17:16:57 UTC] PHP   2. Braintree_Base->__get() /home/ubuntu/workspace/btTest/webhooks.php:31
[07-Aug-2015 17:16:57 UTC] PHP   3. trigger_error() /home/ubuntu/workspace/braintree-php-3.2.0/lib/Braintree/Base.php:42
[07-Aug-2015 17:16:57 UTC] PHP Notice:  Undefined property on Braintree_WebhookNotification: errors in /home/ubuntu/workspace/braintree-php-3.2.0/lib/Braintree/Base.php on line 42
[07-Aug-2015 17:16:57 UTC] PHP Stack trace:
[07-Aug-2015 17:16:57 UTC] PHP   1. {main}() /home/ubuntu/workspace/btTest/webhooks.php:0
[07-Aug-2015 17:16:57 UTC] PHP   2. Braintree_Base->__get() /home/ubuntu/workspace/btTest/webhooks.php:32
[07-Aug-2015 17:16:57 UTC] PHP   3. trigger_error() /home/ubuntu/workspace/braintree-php-3.2.0/lib/Braintree/Base.php:42
[07-Aug-2015 17:16:57 UTC] PHP Notice:  Undefined property on Braintree_WebhookNotification: subscription in /home/ubuntu/workspace/braintree-php-3.2.0/lib/Braintree/Base.php on line 42
[07-Aug-2015 17:16:57 UTC] PHP Stack trace:
[07-Aug-2015 17:16:57 UTC] PHP   1. {main}() /home/ubuntu/workspace/btTest/webhooks.php:0
[07-Aug-2015 17:16:57 UTC] PHP   2. Braintree_Base->__get() /home/ubuntu/workspace/btTest/webhooks.php:36
[07-Aug-2015 17:16:57 UTC] PHP   3. trigger_error() /home/ubuntu/workspace/braintree-php-3.2.0/lib/Braintree/Base.php:42
[07-Aug-2015 17:21:14 UTC] PHP Notice:  Undefined property on Braintree_WebhookNotification: message in /home/ubuntu/workspace/braintree-php-3.2.0/lib/Braintree/Base.php on line 42
[07-Aug-2015 17:21:14 UTC] PHP Stack trace:
[07-Aug-2015 17:21:14 UTC] PHP   1. {main}() /home/ubuntu/workspace/btTest/webhooks.php:0
[07-Aug-2015 17:21:14 UTC] PHP   2. Braintree_Base->__get() /home/ubuntu/workspace/btTest/webhooks.php:31
[07-Aug-2015 17:21:14 UTC] PHP   3. trigger_error() /home/ubuntu/workspace/braintree-php-3.2.0/lib/Braintree/Base.php:42
[07-Aug-2015 17:21:14 UTC] PHP Notice:  Undefined property on Braintree_WebhookNotification: errors in /home/ubuntu/workspace/braintree-php-3.2.0/lib/Braintree/Base.php on line 42
[07-Aug-2015 17:21:14 UTC] PHP Stack trace:
[07-Aug-2015 17:21:14 UTC] PHP   1. {main}() /home/ubuntu/workspace/btTest/webhooks.php:0
[07-Aug-2015 17:21:14 UTC] PHP   2. Braintree_Base->__get() /home/ubuntu/workspace/btTest/webhooks.php:32
[07-Aug-2015 17:21:14 UTC] PHP   3. trigger_error() /home/ubuntu/workspace/braintree-php-3.2.0/lib/Braintree/Base.php:42
[07-Aug-2015 17:21:14 UTC] PHP Notice:  Undefined property on Braintree_WebhookNotification: subscription in /home/ubuntu/workspace/braintree-php-3.2.0/lib/Braintree/Base.php on line 42
[07-Aug-2015 17:21:14 UTC] PHP Stack trace:
[07-Aug-2015 17:21:14 UTC] PHP   1. {main}() /home/ubuntu/workspace/btTest/webhooks.php:0
[07-Aug-2015 17:21:14 UTC] PHP   2. Braintree_Base->__get() /home/ubuntu/workspace/btTest/webhooks.php:36
[07-Aug-2015 17:21:14 UTC] PHP   3. trigger_error() /home/ubuntu/workspace/braintree-php-3.2.0/lib/Braintree/Base.php:42
[07-Aug-2015 17:31:32 UTC] PHP Notice:  Undefined property on Braintree_WebhookNotification: message in /home/ubuntu/workspace/braintree-php-3.2.0/lib/Braintree/Base.php on line 42
[07-Aug-2015 17:31:32 UTC] PHP Stack trace:
[07-Aug-2015 17:31:32 UTC] PHP   1. {main}() /home/ubuntu/workspace/btTest/webhooks.php:0
[07-Aug-2015 17:31:32 UTC] PHP   2. Braintree_Base->__get() /home/ubuntu/workspace/btTest/webhooks.php:31
[07-Aug-2015 17:31:32 UTC] PHP   3. trigger_error() /home/ubuntu/workspace/braintree-php-3.2.0/lib/Braintree/Base.php:42
[07-Aug-2015 17:31:32 UTC] PHP Notice:  Undefined property on Braintree_WebhookNotification: errors in /home/ubuntu/workspace/braintree-php-3.2.0/lib/Braintree/Base.php on line 42
[07-Aug-2015 17:31:32 UTC] PHP Stack trace:
[07-Aug-2015 17:31:32 UTC] PHP   1. {main}() /home/ubuntu/workspace/btTest/webhooks.php:0
[07-Aug-2015 17:31:32 UTC] PHP   2. Braintree_Base->__get() /home/ubuntu/workspace/btTest/webhooks.php:32
[07-Aug-2015 17:31:32 UTC] PHP   3. trigger_error() /home/ubuntu/workspace/braintree-php-3.2.0/lib/Braintree/Base.php:42
[07-Aug-2015 17:31:32 UTC] PHP Notice:  Undefined property on Braintree_WebhookNotification: subscription in /home/ubuntu/workspace/braintree-php-3.2.0/lib/Braintree/Base.php on line 42
[07-Aug-2015 17:31:32 UTC] PHP Stack trace:
[07-Aug-2015 17:31:32 UTC] PHP   1. {main}() /home/ubuntu/workspace/btTest/webhooks.php:0
[07-Aug-2015 17:31:32 UTC] PHP   2. Braintree_Base->__get() /home/ubuntu/workspace/btTest/webhooks.php:36
[07-Aug-2015 17:31:32 UTC] PHP   3. trigger_error() /home/ubuntu/workspace/braintree-php-3.2.0/lib/Braintree/Base.php:42
[07-Aug-2015 17:43:18 UTC] PHP Notice:  Undefined property on Braintree_WebhookNotification: message in /home/ubuntu/workspace/braintree-php-3.2.0/lib/Braintree/Base.php on line 42
[07-Aug-2015 17:43:18 UTC] PHP Stack trace:
[07-Aug-2015 17:43:18 UTC] PHP   1. {main}() /home/ubuntu/workspace/btTest/webhooks.php:0
[07-Aug-2015 17:43:18 UTC] PHP   2. Braintree_Base->__get() /home/ubuntu/workspace/btTest/webhooks.php:31
[07-Aug-2015 17:43:18 UTC] PHP   3. trigger_error() /home/ubuntu/workspace/braintree-php-3.2.0/lib/Braintree/Base.php:42
[07-Aug-2015 17:43:18 UTC] PHP Notice:  Undefined property on Braintree_WebhookNotification: errors in /home/ubuntu/workspace/braintree-php-3.2.0/lib/Braintree/Base.php on line 42
[07-Aug-2015 17:43:18 UTC] PHP Stack trace:
[07-Aug-2015 17:43:18 UTC] PHP   1. {main}() /home/ubuntu/workspace/btTest/webhooks.php:0
[07-Aug-2015 17:43:18 UTC] PHP   2. Braintree_Base->__get() /home/ubuntu/workspace/btTest/webhooks.php:32
[07-Aug-2015 17:43:18 UTC] PHP   3. trigger_error() /home/ubuntu/workspace/braintree-php-3.2.0/lib/Braintree/Base.php:42
[07-Aug-2015 17:43:18 UTC] PHP Notice:  Undefined property on Braintree_WebhookNotification: merchantAccount in /home/ubuntu/workspace/braintree-php-3.2.0/lib/Braintree/Base.php on line 42
[07-Aug-2015 17:43:18 UTC] PHP Stack trace:
[07-Aug-2015 17:43:18 UTC] PHP   1. {main}() /home/ubuntu/workspace/btTest/webhooks.php:0
[07-Aug-2015 17:43:18 UTC] PHP   2. Braintree_Base->__get() /home/ubuntu/workspace/btTest/webhooks.php:34
[07-Aug-2015 17:43:18 UTC] PHP   3. trigger_error() /home/ubuntu/workspace/braintree-php-3.2.0/lib/Braintree/Base.php:42
[07-Aug-2015 17:43:18 UTC] PHP Notice:  Undefined property on Braintree_WebhookNotification: merchantAccount in /home/ubuntu/workspace/braintree-php-3.2.0/lib/Braintree/Base.php on line 42
[07-Aug-2015 17:43:18 UTC] PHP Stack trace:
[07-Aug-2015 17:43:18 UTC] PHP   1. {main}() /home/ubuntu/workspace/btTest/webhooks.php:0
[07-Aug-2015 17:43:18 UTC] PHP   2. Braintree_Base->__get() /home/ubuntu/workspace/btTest/webhooks.php:35
[07-Aug-2015 17:43:18 UTC] PHP   3. trigger_error() /home/ubuntu/workspace/braintree-php-3.2.0/lib/Braintree/Base.php:42
[07-Aug-2015 17:43:18 UTC] PHP Notice:  Undefined property on Braintree_WebhookNotification: message in /home/ubuntu/workspace/braintree-php-3.2.0/lib/Braintree/Base.php on line 42
[07-Aug-2015 17:43:18 UTC] PHP Stack trace:
[07-Aug-2015 17:43:18 UTC] PHP   1. {main}() /home/ubuntu/workspace/btTest/webhooks.php:0
[07-Aug-2015 17:43:18 UTC] PHP   2. Braintree_Base->__get() /home/ubuntu/workspace/btTest/webhooks.php:31
[07-Aug-2015 17:43:18 UTC] PHP   3. trigger_error() /home/ubuntu/workspace/braintree-php-3.2.0/lib/Braintree/Base.php:42
[07-Aug-2015 17:43:18 UTC] PHP Notice:  Undefined property on Braintree_WebhookNotification: errors in /home/ubuntu/workspace/braintree-php-3.2.0/lib/Braintree/Base.php on line 42
[07-Aug-2015 17:43:18 UTC] PHP Stack trace:
[07-Aug-2015 17:43:18 UTC] PHP   1. {main}() /home/ubuntu/workspace/btTest/webhooks.php:0
[07-Aug-2015 17:43:18 UTC] PHP   2. Braintree_Base->__get() /home/ubuntu/workspace/btTest/webhooks.php:32
[07-Aug-2015 17:43:18 UTC] PHP   3. trigger_error() /home/ubuntu/workspace/braintree-php-3.2.0/lib/Braintree/Base.php:42
[07-Aug-2015 17:43:18 UTC] PHP Notice:  Undefined property on Braintree_WebhookNotification: merchantAccount in /home/ubuntu/workspace/braintree-php-3.2.0/lib/Braintree/Base.php on line 42
[07-Aug-2015 17:43:18 UTC] PHP Stack trace:
[07-Aug-2015 17:43:18 UTC] PHP   1. {main}() /home/ubuntu/workspace/btTest/webhooks.php:0
[07-Aug-2015 17:43:18 UTC] PHP   2. Braintree_Base->__get() /home/ubuntu/workspace/btTest/webhooks.php:34
[07-Aug-2015 17:43:18 UTC] PHP   3. trigger_error() /home/ubuntu/workspace/braintree-php-3.2.0/lib/Braintree/Base.php:42
[07-Aug-2015 17:43:18 UTC] PHP Notice:  Undefined property on Braintree_WebhookNotification: merchantAccount in /home/ubuntu/workspace/braintree-php-3.2.0/lib/Braintree/Base.php on line 42
[07-Aug-2015 17:43:18 UTC] PHP Stack trace:
[07-Aug-2015 17:43:18 UTC] PHP   1. {main}() /home/ubuntu/workspace/btTest/webhooks.php:0
[07-Aug-2015 17:43:18 UTC] PHP   2. Braintree_Base->__get() /home/ubuntu/workspace/btTest/webhooks.php:35
[07-Aug-2015 17:43:18 UTC] PHP   3. trigger_error() /home/ubuntu/workspace/braintree-php-3.2.0/lib/Braintree/Base.php:42
[07-Aug-2015 17:43:22 UTC] PHP Notice:  Undefined property on Braintree_WebhookNotification: message in /home/ubuntu/workspace/braintree-php-3.2.0/lib/Braintree/Base.php on line 42
[07-Aug-2015 17:43:22 UTC] PHP Stack trace:
[07-Aug-2015 17:43:22 UTC] PHP   1. {main}() /home/ubuntu/workspace/btTest/webhooks.php:0
[07-Aug-2015 17:43:22 UTC] PHP   2. Braintree_Base->__get() /home/ubuntu/workspace/btTest/webhooks.php:31
[07-Aug-2015 17:43:22 UTC] PHP   3. trigger_error() /home/ubuntu/workspace/braintree-php-3.2.0/lib/Braintree/Base.php:42
[07-Aug-2015 17:43:22 UTC] PHP Notice:  Undefined property on Braintree_WebhookNotification: errors in /home/ubuntu/workspace/braintree-php-3.2.0/lib/Braintree/Base.php on line 42
[07-Aug-2015 17:43:22 UTC] PHP Stack trace:
[07-Aug-2015 17:43:22 UTC] PHP   1. {main}() /home/ubuntu/workspace/btTest/webhooks.php:0
[07-Aug-2015 17:43:22 UTC] PHP   2. Braintree_Base->__get() /home/ubuntu/workspace/btTest/webhooks.php:32
[07-Aug-2015 17:43:22 UTC] PHP   3. trigger_error() /home/ubuntu/workspace/braintree-php-3.2.0/lib/Braintree/Base.php:42
[07-Aug-2015 17:43:22 UTC] PHP Notice:  Undefined property on Braintree_WebhookNotification: subscription in /home/ubuntu/workspace/braintree-php-3.2.0/lib/Braintree/Base.php on line 42
[07-Aug-2015 17:43:22 UTC] PHP Stack trace:
[07-Aug-2015 17:43:22 UTC] PHP   1. {main}() /home/ubuntu/workspace/btTest/webhooks.php:0
[07-Aug-2015 17:43:22 UTC] PHP   2. Braintree_Base->__get() /home/ubuntu/workspace/btTest/webhooks.php:36
[07-Aug-2015 17:43:22 UTC] PHP   3. trigger_error() /home/ubuntu/workspace/braintree-php-3.2.0/lib/Braintree/Base.php:42
[07-Aug-2015 17:43:30 UTC] PHP Notice:  Undefined property on Braintree_WebhookNotification: message in /home/ubuntu/workspace/braintree-php-3.2.0/lib/Braintree/Base.php on line 42
[07-Aug-2015 17:43:30 UTC] PHP Stack trace:
[07-Aug-2015 17:43:30 UTC] PHP   1. {main}() /home/ubuntu/workspace/btTest/webhooks.php:0
[07-Aug-2015 17:43:30 UTC] PHP   2. Braintree_Base->__get() /home/ubuntu/workspace/btTest/webhooks.php:31
[07-Aug-2015 17:43:30 UTC] PHP   3. trigger_error() /home/ubuntu/workspace/braintree-php-3.2.0/lib/Braintree/Base.php:42
[07-Aug-2015 17:43:30 UTC] PHP Notice:  Undefined property on Braintree_WebhookNotification: errors in /home/ubuntu/workspace/braintree-php-3.2.0/lib/Braintree/Base.php on line 42
[07-Aug-2015 17:43:30 UTC] PHP Stack trace:
[07-Aug-2015 17:43:30 UTC] PHP   1. {main}() /home/ubuntu/workspace/btTest/webhooks.php:0
[07-Aug-2015 17:43:30 UTC] PHP   2. Braintree_Base->__get() /home/ubuntu/workspace/btTest/webhooks.php:32
[07-Aug-2015 17:43:30 UTC] PHP   3. trigger_error() /home/ubuntu/workspace/braintree-php-3.2.0/lib/Braintree/Base.php:42
[07-Aug-2015 17:43:30 UTC] PHP Notice:  Undefined property on Braintree_WebhookNotification: subscription in /home/ubuntu/workspace/braintree-php-3.2.0/lib/Braintree/Base.php on line 42
[07-Aug-2015 17:43:30 UTC] PHP Stack trace:
[07-Aug-2015 17:43:30 UTC] PHP   1. {main}() /home/ubuntu/workspace/btTest/webhooks.php:0
[07-Aug-2015 17:43:30 UTC] PHP   2. Braintree_Base->__get() /home/ubuntu/workspace/btTest/webhooks.php:36
[07-Aug-2015 17:43:30 UTC] PHP   3. trigger_error() /home/ubuntu/workspace/braintree-php-3.2.0/lib/Braintree/Base.php:42
